SF:lib/main.dart
DA:15,0
DA:18,0
DA:21,0
DA:22,0
DA:25,0
DA:26,0
DA:30,0
DA:31,0
DA:32,0
DA:33,0
DA:35,0
DA:38,0
DA:41,0
DA:43,0
DA:44,0
DA:48,1
DA:51,1
DA:53,1
DA:55,1
DA:71,1
DA:80,1
DA:93,1
DA:94,1
DA:98,0
DA:141,0
DA:144,0
DA:164,0
DA:180,0
DA:185,0
DA:187,0
DA:188,0
DA:193,0
DA:194,0
DA:195,0
DA:198,0
DA:199,0
DA:208,0
DA:209,0
DA:226,0
DA:229,0
DA:230,0
DA:231,0
DA:232,0
DA:249,0
DA:254,0
DA:267,0
DA:272,0
DA:464,0
DA:470,1
DA:478,1
DA:479,1
DA:483,3
DA:486,3
DA:488,1
DA:491,1
DA:506,1
DA:510,1
DA:512,3
DA:517,1
DA:518,1
LF:60
LH:20
end_of_record
SF:lib/printer_service.dart
DA:45,0
DA:49,0
DA:51,0
DA:56,0
DA:61,0
DA:62,0
DA:75,0
DA:76,0
DA:77,0
DA:78,0
DA:81,0
DA:86,0
DA:87,0
DA:99,0
DA:100,0
DA:101,0
DA:102,0
DA:105,0
DA:110,0
DA:111,0
DA:122,0
DA:125,0
DA:126,0
DA:127,0
DA:128,0
DA:134,1
DA:137,0
DA:141,0
DA:143,0
DA:145,0
DA:148,0
DA:152,0
DA:160,0
DA:161,0
DA:163,0
DA:165,0
DA:166,0
DA:171,1
DA:174,0
DA:178,0
DA:181,0
DA:184,0
DA:188,0
DA:197,0
DA:198,0
DA:200,0
DA:202,0
DA:203,0
LF:48
LH:2
end_of_record
